<?xml version="1.0" encoding="UTF-8"?>
<!-- Generated by org.testng.reporters.JUnitXMLReporter -->
<testsuite ignored="0" hostname="DESKTOP-R1KVHLO" failures="0" tests="3" name="Run on Firefox" time="67.937" errors="0" timestamp="11 Aug 2023 09:07:21 GMT">
  <testcase classname="com.nopcommerce.HomePage.Home_Page" name="Front_Open_Home_Page" time="7.173"/>
  <testcase classname="com.nopcommerce.LoginPage.Login_Page" name="Front_Open_Login_Page" time="3.548"/>
  <testcase classname="com.nopcommerce.RegisterPage.Register_Page" name="Front_Open_Login_Page" time="48.436"/>
</testsuite> <!-- Run on Firefox -->
