<?xml version="1.0" encoding="UTF-8"?>
<!-- Generated by org.testng.reporters.JUnitXMLReporter -->
<testsuite ignored="0" hostname="DESKTOP-R1KVHLO" failures="0" tests="19" name="Run on Chrome" time="130.531" errors="0" timestamp="20 May 2024 11:08:17 GMT">
  <testcase classname="com.nopcommerce.HomePage.Home_Page" name="Front_Open_Home_Page" time="3.848"/>
  <testcase classname="com.nopcommerce.RegisterPage.Register_Page" name="Front_Register_An_Account_With_The_Invalid_Information" time="13.944"/>
  <testcase classname="com.nopcommerce.RegisterPage.Register_Page" name="Front_Register_An_Account_With_The_Valid_Information" time="12.462"/>
  <testcase classname="com.nopcommerce.RegisterPage.Register_Page" name="Front_Register_An_Account_With_The_Email_Has_Already_Registered" time="23.414"/>
  <testcase classname="com.nopcommerce.LoginPage.Login_Page" name="Front_Open_Login_Page" time="1.326"/>
  <testcase classname="com.nopcommerce.LoginPage.Login_Page" name="Front_Login_Without_Inputting" time="4.167"/>
  <testcase classname="com.nopcommerce.LoginPage.Login_Page" name="Front_Login_With_The_Invalid_Email" time="5.241"/>
  <testcase classname="com.nopcommerce.LoginPage.Login_Page" name="Front_Login_With_The_Email_Does_Not_Exist" time="6.654"/>
  <testcase classname="com.nopcommerce.LoginPage.Login_Page" name="Front_Login_Email_Without_Inputting_Password" time="6.565"/>
  <testcase classname="com.nopcommerce.LoginPage.Login_Page" name="Front_Login_Email_And_Input_Invalid_Password" time="7.657"/>
  <testcase classname="com.nopcommerce.SearchPage.Search_Page" name="Front_Open_Search_Page" time="3.386"/>
  <testcase classname="com.nopcommerce.SearchPage.Search_Page" name="Search_Without_Data" time="2.413"/>
  <testcase classname="com.nopcommerce.SearchPage.Search_Page" name="Search_With_The_Data_Does_Not_Exist" time="3.524"/>
  <testcase classname="com.nopcommerce.SearchPage.Search_Page" name="Search_With_Product_Exist" time="4.673"/>
  <testcase classname="com.nopcommerce.SearchPage.Search_Page" name="Search_With_The_Exatcly_Product_Name" time="3.547"/>
  <testcase classname="com.nopcommerce.SearchPage.Search_Page" name="Search_With_The_Parent_Category" time="5.721"/>
  <testcase classname="com.nopcommerce.SearchPage.Search_Page" name="Search_With_The_Sub_Categories" time="5.678"/>
  <testcase classname="com.nopcommerce.SearchPage.Search_Page" name="Search_With_The_Incorrect_Manufactuer" time="6.77"/>
  <testcase classname="com.nopcommerce.SearchPage.Search_Page" name="Search_With_The_Correct_Manufactuer" time="6.783"/>
</testsuite> <!-- Run on Chrome -->
