<?xml version="1.0" encoding="UTF-8"?>
<testsuite name="Run on Chrome"
           tests="6"
           failures="0"
           errors="0"
           skipped="0"
           time="31.530">
  <properties />
  
  
            <testcase name="Front_Open_Login_Page" time="1.336" classname="com.nopcommerce.LoginPage.Login_Page" />
                <testcase name="Front_Login_Email_And_Input_Invalid_Password" time="7.688" classname="com.nopcommerce.LoginPage.Login_Page" />
                <testcase name="Front_Login_With_The_Email_Does_Not_Exist" time="6.554" classname="com.nopcommerce.LoginPage.Login_Page" />
                <testcase name="Front_Login_With_The_Invalid_Email" time="5.238" classname="com.nopcommerce.LoginPage.Login_Page" />
                <testcase name="Front_Login_Email_Without_Inputting_Password" time="6.551" classname="com.nopcommerce.LoginPage.Login_Page" />
                <testcase name="Front_Login_Without_Inputting" time="4.163" classname="com.nopcommerce.LoginPage.Login_Page" />
      
</testsuite>
