<?xml version="1.0" encoding="UTF-8"?>
<testsuite name="Run on Chrome"
           tests="9"
           failures="0"
           errors="0"
           skipped="0"
           time="42.495">
  <properties />
  
  
            <testcase name="Search_With_The_Correct_Manufactuer" time="6.783" classname="com.nopcommerce.SearchPage.Search_Page" />
                <testcase name="Search_With_The_Exatcly_Product_Name" time="3.547" classname="com.nopcommerce.SearchPage.Search_Page" />
                <testcase name="Search_With_The_Data_Does_Not_Exist" time="3.524" classname="com.nopcommerce.SearchPage.Search_Page" />
                <testcase name="Search_With_The_Sub_Categories" time="5.678" classname="com.nopcommerce.SearchPage.Search_Page" />
                <testcase name="Front_Open_Search_Page" time="3.386" classname="com.nopcommerce.SearchPage.Search_Page" />
                <testcase name="Search_With_The_Incorrect_Manufactuer" time="6.770" classname="com.nopcommerce.SearchPage.Search_Page" />
                <testcase name="Search_Without_Data" time="2.413" classname="com.nopcommerce.SearchPage.Search_Page" />
                <testcase name="Search_With_Product_Exist" time="4.673" classname="com.nopcommerce.SearchPage.Search_Page" />
                <testcase name="Search_With_The_Parent_Category" time="5.721" classname="com.nopcommerce.SearchPage.Search_Page" />
      
</testsuite>
