<?xml version="1.0" encoding="UTF-8"?>
<testsuite name="Run on Chrome"
           tests="6"
           failures="0"
           errors="0"
           skipped="0"
           time="37.438">
  <properties />
  
  
            <testcase name="Front_Open_Login_Page" time="2.027" classname="com.nopcommerce.LoginPage.Login_Page" />
                <testcase name="Front_Login_With_The_Invalid_Email" time="5.975" classname="com.nopcommerce.LoginPage.Login_Page" />
                <testcase name="Front_Login_With_The_Email_Does_Not_Exist" time="7.747" classname="com.nopcommerce.LoginPage.Login_Page" />
                <testcase name="Front_Login_Email_And_Input_Invalid_Password" time="9.105" classname="com.nopcommerce.LoginPage.Login_Page" />
                <testcase name="Front_Login_Without_Inputting" time="4.559" classname="com.nopcommerce.LoginPage.Login_Page" />
                <testcase name="Front_Login_Email_Without_Inputting_Password" time="8.025" classname="com.nopcommerce.LoginPage.Login_Page" />
      
</testsuite>
