<?xml version="1.0" encoding="UTF-8"?>
<testsuite name="Run on Chrome"
           tests="3"
           failures="0"
           errors="0"
           skipped="0"
           time="19.971">
  <properties />
  
  
            <testcase name="My_Account_Update_Customer_Information" time="13.589" classname="com.nopcommerce.MyAccountPage.My_Account_Page" />
                <testcase name="My_Account_Login_Success" time="6.380" classname="com.nopcommerce.MyAccountPage.My_Account_Page" />
                <testcase name="My_Account_Add_Address" time="0.002" classname="com.nopcommerce.MyAccountPage.My_Account_Page" />
      
</testsuite>
