<?xml version="1.0" encoding="UTF-8"?>
<!-- Generated by org.testng.reporters.JUnitXMLReporter -->
<testsuite ignored="0" hostname="DESKTOP-R1KVHLO" failures="1" tests="2" name="Run on Firefox" time="6.042" errors="0" timestamp="08 Aug 2023 12:38:56 GMT">
  <testcase classname="com.nopcommerce.homepage.Home_Page" name="Front_Open_Home_Page" time="2.269"/>
  <testcase classname="com.nopcommerce.loginpage.Login_Page" name="Front_Open_Login_Page" time="0.001">
    <failure type="java.lang.NullPointerException" message="Cannot invoke &amp;quot;org.openqa.selenium.WebDriver.manage()&amp;quot; because &amp;quot;driver&amp;quot; is null">
      <![CDATA[java.lang.NullPointerException: Cannot invoke "org.openqa.selenium.WebDriver.manage()" because "driver" is null
at commons.BasePage.overrideImplicitTimeout(BasePage.java:371)
at commons.BasePage.getPageUrl(BasePage.java:41)
at com.nopcommerce.loginpage.Login_Page.Front_Open_Login_Page(Login_Page.java:39)
at java.base/java.util.concurrent.FutureTask.run(FutureTask.java:264)
at java.base/java.util.concurrent.ThreadPoolExecutor.runWorker(ThreadPoolExecutor.java:1136)
at java.base/java.util.concurrent.ThreadPoolExecutor$Worker.run(ThreadPoolExecutor.java:635)
at java.base/java.lang.Thread.run(Thread.java:833)
... Removed 16 stack frames]]>
    </failure>
  </testcase> <!-- Front_Open_Login_Page -->
</testsuite> <!-- Run on Firefox -->
